<?xml version="1.0" encoding="UTF-8"?>
<!-- Generated by org.testng.reporters.JUnitReportReporter -->
<testsuite hostname="Khurshid_Alam" failures="0" tests="1" name="TcReport.TC_08" time="16.808" errors="0" timestamp="2024-11-14T18:53:11 IST" skipped="0">
  <testcase classname="TcReport.TC_08" name="ORG_04" time="16.808"/>
</testsuite> <!-- TcReport.TC_08 -->
