<?xml version="1.0" encoding="UTF-8"?>
<!-- Generated by org.testng.reporters.JUnitReportReporter -->
<testsuite hostname="Khurshid_Alam" failures="0" tests="7" name="Sample.TestNGPractice2" time="0.024" errors="0" timestamp="2024-10-27T09:58:35 IST" skipped="1">
  <testcase classname="Sample.TestNGPractice2" name="createUser" time="0.001"/>
  <testcase classname="Sample.TestNGPractice2" name="createUser" time="0.002"/>
  <testcase classname="Sample.TestNGPractice2" name="createUser" time="0.002"/>
  <testcase classname="Sample.TestNGPractice2" name="createUser" time="0.002"/>
  <testcase classname="Sample.TestNGPractice2" name="createUser" time="0.014"/>
  <testcase classname="Sample.TestNGPractice2" name="modifyUser" time="0.003"/>
  <testcase classname="Sample.TestNGPractice2" name="deleteUser">
    <skipped/>
  </testcase> <!-- deleteUser -->
</testsuite> <!-- Sample.TestNGPractice2 -->
