<?xml version="1.0" encoding="UTF-8"?>
<!-- Generated by org.testng.reporters.JUnitReportReporter -->
<testsuite hostname="Khurshid_Alam" failures="0" tests="1" name="TcReport.TC_05" time="14.459" errors="0" timestamp="2024-11-08T18:02:07 IST" skipped="0">
  <testcase classname="TcReport.TC_05" name="ORG_01" time="14.459"/>
  <system-out/>
</testsuite> <!-- TcReport.TC_05 -->
