<?xml version="1.0" encoding="UTF-8"?>
<!-- Generated by org.testng.reporters.JUnitReportReporter -->
<testsuite hostname="Khurshid_Alam" failures="0" tests="3" name="Sample.TestNGTest" time="0.019" errors="0" timestamp="2024-10-27T19:52:34 IST" skipped="0">
  <testcase classname="Sample.TestNGTest" name="deleteUser" time="0.014"/>
  <testcase classname="Sample.TestNGTest" name="createUser" time="0.003"/>
  <testcase classname="Sample.TestNGTest" name="modifyUser" time="0.002"/>
</testsuite> <!-- Sample.TestNGTest -->
