<?xml version="1.0" encoding="UTF-8"?>
<!-- Generated by org.testng.reporters.JUnitReportReporter -->
<testsuite hostname="Khurshid_Alam" failures="0" tests="1" name="TcReport.TC_03Test" time="17.348" errors="0" timestamp="2024-11-14T09:23:10 IST" skipped="0">
  <testcase classname="TcReport.TC_03Test" name="LE_03" time="17.348"/>
</testsuite> <!-- TcReport.TC_03Test -->
