<?xml version="1.0" encoding="UTF-8"?>
<!-- Generated by org.testng.reporters.JUnitReportReporter -->
<testsuite hostname="Khurshid_Alam" failures="0" tests="1" name="TcReport.TC_07" time="18.586" errors="0" timestamp="2024-11-14T18:53:11 IST" skipped="0">
  <testcase classname="TcReport.TC_07" name="ORG_03" time="18.586"/>
</testsuite> <!-- TcReport.TC_07 -->
