<?xml version="1.0" encoding="UTF-8"?>
<!-- Generated by org.testng.reporters.JUnitReportReporter -->
<testsuite hostname="Khurshid_Alam" failures="0" tests="1" name="TcReport.TC_01" time="16.064" errors="0" timestamp="2024-10-31T11:55:37 IST" skipped="0">
  <testcase classname="TcReport.TC_01" name="LE_01" time="16.064"/>
  <system-out/>
</testsuite> <!-- TcReport.TC_01 -->
