<?xml version="1.0" encoding="UTF-8"?>
<!-- Generated by org.testng.reporters.JUnitReportReporter -->
<testsuite hostname="Khurshid_Alam" failures="0" tests="1" name="TcReport.TC_03" time="17.595" errors="0" timestamp="2024-11-04T10:38:39 IST" skipped="0">
  <testcase classname="TcReport.TC_03" name="LE_03" time="17.595"/>
  <system-out/>
</testsuite> <!-- TcReport.TC_03 -->
