<?xml version="1.0" encoding="UTF-8"?>
<!-- Generated by org.testng.reporters.JUnitReportReporter -->
<testsuite hostname="Khurshid_Alam" failures="0" tests="2" name="TcReport.TC_09" time="34.965" errors="0" timestamp="2024-11-14T18:53:11 IST" skipped="0">
  <testcase classname="TcReport.TC_09" name="CON_01" time="23.591"/>
  <testcase classname="TcReport.TC_09" name="method" time="11.374"/>
</testsuite> <!-- TcReport.TC_09 -->
