<?xml version="1.0" encoding="UTF-8"?>
<!-- Generated by org.testng.reporters.JUnitReportReporter -->
<testsuite hostname="Khurshid_Alam" failures="0" tests="1" name="TcReport.TC_02Test" time="19.349" errors="0" timestamp="2024-11-14T09:23:10 IST" skipped="0">
  <testcase classname="TcReport.TC_02Test" name="LE_02" time="19.349"/>
</testsuite> <!-- TcReport.TC_02Test -->
