<?xml version="1.0" encoding="UTF-8"?>
<!-- Generated by org.testng.reporters.JUnitReportReporter -->
<testsuite hostname="Khurshid_Alam" failures="0" tests="1" name="TcReport.TC_02" time="18.097" errors="0" timestamp="2024-10-31T11:55:37 IST" skipped="0">
  <testcase classname="TcReport.TC_02" name="LE_02" time="18.097"/>
  <system-out/>
</testsuite> <!-- TcReport.TC_02 -->
