<?xml version="1.0" encoding="UTF-8"?>
<!-- Generated by org.testng.reporters.JUnitReportReporter -->
<testsuite hostname="Khurshid_Alam" failures="0" tests="1" name="Sample.TC_001Practice" time="16.710" errors="0" timestamp="2024-10-30T11:15:28 IST" skipped="0">
  <testcase classname="Sample.TC_001Practice" name="TC_01" time="16.710"/>
  <system-out/>
</testsuite> <!-- Sample.TC_001Practice -->
