<?xml version="1.0" encoding="UTF-8"?>
<!-- Generated by org.testng.reporters.JUnitReportReporter -->
<testsuite hostname="Khurshid_Alam" failures="0" tests="1" name="TcReport.TC_01Test" time="16.622" errors="0" timestamp="2024-11-14T09:23:10 IST" skipped="0">
  <testcase classname="TcReport.TC_01Test" name="LE_01" time="16.622"/>
</testsuite> <!-- TcReport.TC_01Test -->
