<?xml version="1.0" encoding="UTF-8"?>
<!-- Generated by org.testng.reporters.JUnitReportReporter -->
<testsuite hostname="Khurshid_Alam" failures="0" tests="1" name="TcReport.TC_06" time="12.774" errors="0" timestamp="2024-11-14T18:53:11 IST" skipped="0">
  <testcase classname="TcReport.TC_06" name="ORG_02" time="12.774"/>
</testsuite> <!-- TcReport.TC_06 -->
