<?xml version="1.0" encoding="UTF-8"?>
<!-- Generated by org.testng.reporters.JUnitReportReporter -->
<testsuite hostname="Khurshid_Alam" failures="0" tests="1" name="TcReport.TC_04" time="14.932" errors="0" timestamp="2024-11-08T18:02:07 IST" skipped="0">
  <testcase classname="TcReport.TC_04" name="LE_04" time="14.932"/>
  <system-out/>
</testsuite> <!-- TcReport.TC_04 -->
